2025-11-10T18:08:44.340+05:30  INFO 2848 --- [order-service] [main] com.ecommerce.order.OrderApplication     : Starting OrderApplication using Java 21.0.6 with PID 2848 (C:\Users\csaur\Documents\Intellij IDEA_Workspace\SpringBoot_Project\Ecommerce_Microservices\order\target\classes started by Saurav in C:\Users\csaur\Documents\Intellij IDEA_Workspace\SpringBoot_Project\Ecommerce_Microservices)
2025-11-10T18:08:44.343+05:30  INFO 2848 --- [order-service] [main] com.ecommerce.order.OrderApplication     : No active profile set, falling back to 1 default profile: "default"
2025-11-10T18:08:44.385+05:30  INFO 2848 --- [order-service] [main] o.s.c.c.c.ConfigServerConfigDataLoader   : Fetching config from server at : http://localhost:8888
2025-11-10T18:08:44.399+05:30  INFO 2848 --- [order-service] [main] o.s.c.c.c.ConfigServerConfigDataLoader   : Located environment: name=order-service, profiles=[default], label=null, version=null, state=null
2025-11-10T18:08:45.876+05:30  INFO 2848 --- [order-service] [main] .s.d.r.c.RepositoryConfigurationDelegate : Bootstrapping Spring Data JPA repositories in DEFAULT mode.
2025-11-10T18:08:46.043+05:30  INFO 2848 --- [order-service] [main] .s.d.r.c.RepositoryConfigurationDelegate : Finished Spring Data repository scanning in 158 ms. Found 2 JPA repository interfaces.
2025-11-10T18:08:46.252+05:30  INFO 2848 --- [order-service] [main] faultConfiguringBeanFactoryPostProcessor : No bean named 'errorChannel' has been explicitly defined. Therefore, a default PublishSubscribeChannel will be created.
2025-11-10T18:08:46.260+05:30  INFO 2848 --- [order-service] [main] faultConfiguringBeanFactoryPostProcessor : No bean named 'integrationHeaderChannelRegistry' has been explicitly defined. Therefore, a default DefaultHeaderChannelRegistry will be created.
2025-11-10T18:08:46.380+05:30  INFO 2848 --- [order-service] [main] o.s.cloud.context.scope.GenericScope     : BeanFactory id=795a13c4-8341-348d-9cf9-edf06ee26b42
2025-11-10T18:08:46.853+05:30  INFO 2848 --- [order-service] [main] o.s.b.w.embedded.tomcat.TomcatWebServer  : Tomcat initialized with port 8085 (http)
2025-11-10T18:08:46.868+05:30  INFO 2848 --- [order-service] [main] o.apache.catalina.core.StandardService   : Starting service [Tomcat]
2025-11-10T18:08:46.868+05:30  INFO 2848 --- [order-service] [main] o.apache.catalina.core.StandardEngine    : Starting Servlet engine: [Apache Tomcat/10.1.46]
2025-11-10T18:08:46.926+05:30  INFO 2848 --- [order-service] [main] o.a.c.c.C.[Tomcat].[localhost].[/]       : Initializing Spring embedded WebApplicationContext
2025-11-10T18:08:46.926+05:30  INFO 2848 --- [order-service] [main] w.s.c.ServletWebServerApplicationContext : Root WebApplicationContext: initialization completed in 2525 ms
2025-11-10T18:08:47.213+05:30  INFO 2848 --- [order-service] [main] o.hibernate.jpa.internal.util.LogHelper  : HHH000204: Processing PersistenceUnitInfo [name: default]
2025-11-10T18:08:47.261+05:30  INFO 2848 --- [order-service] [main] org.hibernate.Version                    : HHH000412: Hibernate ORM core version 6.6.29.Final
2025-11-10T18:08:47.286+05:30  INFO 2848 --- [order-service] [main] o.h.c.internal.RegionFactoryInitiator    : HHH000026: Second-level cache disabled
2025-11-10T18:08:47.540+05:30  INFO 2848 --- [order-service] [main] o.s.o.j.p.SpringPersistenceUnitInfo      : No LoadTimeWeaver setup: ignoring JPA class transformer
2025-11-10T18:08:47.571+05:30  INFO 2848 --- [order-service] [main] com.zaxxer.hikari.HikariDataSource       : HikariPool-1 - Starting...
2025-11-10T18:08:47.897+05:30  INFO 2848 --- [order-service] [main] com.zaxxer.hikari.pool.HikariPool        : HikariPool-1 - Added connection com.mysql.cj.jdbc.ConnectionImpl@445c693
2025-11-10T18:08:47.899+05:30  INFO 2848 --- [order-service] [main] com.zaxxer.hikari.HikariDataSource       : HikariPool-1 - Start completed.
2025-11-10T18:08:48.013+05:30  INFO 2848 --- [order-service] [main] org.hibernate.orm.connections.pooling    : HHH10001005: Database info:
	Database JDBC URL [Connecting through datasource 'HikariDataSource (HikariPool-1)']
	Database driver: undefined/unknown
	Database version: 8.0.40
	Autocommit mode: undefined/unknown
	Isolation level: undefined/unknown
	Minimum pool size: undefined/unknown
	Maximum pool size: undefined/unknown
2025-11-10T18:08:48.889+05:30  INFO 2848 --- [order-service] [main] o.h.e.t.j.p.i.JtaPlatformInitiator       : HHH000489: No JTA platform available (set 'hibernate.transaction.jta.platform' to enable JTA platform integration)
2025-11-10T18:08:48.968+05:30  INFO 2848 --- [order-service] [main] j.LocalContainerEntityManagerFactoryBean : Initialized JPA EntityManagerFactory for persistence unit 'default'
2025-11-10T18:08:49.402+05:30  WARN 2848 --- [order-service] [main] JpaBaseConfiguration$JpaWebConfiguration : spring.jpa.open-in-view is enabled by default. Therefore, database queries may be performed during view rendering. Explicitly configure spring.jpa.open-in-view to disable this warning
2025-11-10T18:08:50.069+05:30  WARN 2848 --- [order-service] [main] c.f.c.c.BeanFactoryAwareFunctionRegistry : Failed to locate function 'busConsumer' for function definition 'busConsumer'. Returning null.
2025-11-10T18:08:50.119+05:30  INFO 2848 --- [order-service] [main] o.s.c.s.m.DirectWithAttributesChannel    : Channel 'order-service.springCloudBusInput' has 1 subscriber(s).
2025-11-10T18:08:50.317+05:30  INFO 2848 --- [order-service] [main] DiscoveryClientOptionalArgsConfiguration : Eureka HTTP Client uses RestTemplate.
2025-11-10T18:08:50.353+05:30  WARN 2848 --- [order-service] [main] iguration$LoadBalancerCaffeineWarnLogger : Spring Cloud LoadBalancer is currently working with the default cache. While this cache implementation is useful for development and tests, it's recommended to use Caffeine cache in production.You can switch to using Caffeine cache, by adding it and org.springframework.cache.caffeine.CaffeineCacheManager to the classpath.
2025-11-10T18:08:50.361+05:30  INFO 2848 --- [order-service] [main] o.s.b.a.e.web.EndpointLinksResolver      : Exposing 24 endpoints beneath base path '/actuator'
2025-11-10T18:08:50.468+05:30  INFO 2848 --- [order-service] [main] figuration$IntegrationJmxConfiguration$1 : Registering MessageChannel errorChannel
2025-11-10T18:08:50.472+05:30  INFO 2848 --- [order-service] [main] figuration$IntegrationJmxConfiguration$1 : Registering MessageChannel springCloudBusInput
2025-11-10T18:08:50.474+05:30  INFO 2848 --- [order-service] [main] figuration$IntegrationJmxConfiguration$1 : Registering MessageChannel nullChannel
2025-11-10T18:08:50.477+05:30  INFO 2848 --- [order-service] [main] figuration$IntegrationJmxConfiguration$1 : Registering MessageHandler _org.springframework.integration.errorLogger
2025-11-10T18:08:50.485+05:30  INFO 2848 --- [order-service] [main] o.s.i.endpoint.EventDrivenConsumer       : Adding {logging-channel-adapter:_org.springframework.integration.errorLogger} as a subscriber to the 'errorChannel' channel
2025-11-10T18:08:50.485+05:30  INFO 2848 --- [order-service] [main] o.s.i.channel.PublishSubscribeChannel    : Channel 'order-service.errorChannel' has 1 subscriber(s).
2025-11-10T18:08:50.485+05:30  INFO 2848 --- [order-service] [main] o.s.i.endpoint.EventDrivenConsumer       : started bean '_org.springframework.integration.errorLogger'
2025-11-10T18:08:50.526+05:30  INFO 2848 --- [order-service] [main] o.s.c.n.eureka.InstanceInfoFactory       : Setting initial instance status as: STARTING
2025-11-10T18:08:50.547+05:30  INFO 2848 --- [order-service] [main] com.netflix.discovery.DiscoveryClient    : Initializing Eureka in region us-east-1
2025-11-10T18:08:50.550+05:30  INFO 2848 --- [order-service] [main] c.n.d.s.r.aws.ConfigClusterResolver      : Resolving eureka endpoints via configuration
2025-11-10T18:08:50.556+05:30  INFO 2848 --- [order-service] [main] com.netflix.discovery.DiscoveryClient    : Disable delta property : false
2025-11-10T18:08:50.557+05:30  INFO 2848 --- [order-service] [main] com.netflix.discovery.DiscoveryClient    : Single vip registry refresh property : null
2025-11-10T18:08:50.557+05:30  INFO 2848 --- [order-service] [main] com.netflix.discovery.DiscoveryClient    : Force full registry fetch : false
2025-11-10T18:08:50.557+05:30  INFO 2848 --- [order-service] [main] com.netflix.discovery.DiscoveryClient    : Application is null : false
2025-11-10T18:08:50.557+05:30  INFO 2848 --- [order-service] [main] com.netflix.discovery.DiscoveryClient    : Registered Applications size is zero : true
2025-11-10T18:08:50.557+05:30  INFO 2848 --- [order-service] [main] com.netflix.discovery.DiscoveryClient    : Application version is -1: true
2025-11-10T18:08:50.558+05:30  INFO 2848 --- [order-service] [main] com.netflix.discovery.DiscoveryClient    : Getting all instance registry info from the eureka server
2025-11-10T18:08:50.663+05:30  INFO 2848 --- [order-service] [main] com.netflix.discovery.DiscoveryClient    : The response status is 200
2025-11-10T18:08:50.664+05:30  INFO 2848 --- [order-service] [main] com.netflix.discovery.DiscoveryClient    : Starting heartbeat executor: renew interval is: 30
2025-11-10T18:08:50.665+05:30  INFO 2848 --- [order-service] [main] c.n.discovery.InstanceInfoReplicator     : InstanceInfoReplicator onDemand update allowed rate per min is 4
2025-11-10T18:08:50.667+05:30  INFO 2848 --- [order-service] [main] com.netflix.discovery.DiscoveryClient    : Discovery Client initialized at timestamp 1762778330666 with initial instances count: 0
2025-11-10T18:08:50.669+05:30  INFO 2848 --- [order-service] [main] o.s.c.n.e.s.EurekaServiceRegistry        : Registering application ORDER-SERVICE with eureka with status UP
2025-11-10T18:08:50.671+05:30  INFO 2848 --- [order-service] [main] com.netflix.discovery.DiscoveryClient    : Saw local status change event StatusChangeEvent [timestamp=1762778330671, current=UP, previous=STARTING]
2025-11-10T18:08:50.673+05:30  INFO 2848 --- [order-service] [main] o.s.c.s.binder.DefaultBinderFactory      : Creating binder: rabbit
2025-11-10T18:08:50.673+05:30  INFO 2848 --- [order-service] [main] o.s.c.s.binder.DefaultBinderFactory      : Constructing binder child context for rabbit
2025-11-10T18:08:50.673+05:30  INFO 2848 --- [order-service] [DiscoveryClient-InstanceInfoReplicator-%d] com.netflix.discovery.DiscoveryClient    : DiscoveryClient_ORDER-SERVICE/Saurav-PCs.mshome.net:order-service:8085: registering service...
2025-11-10T18:08:50.718+05:30  INFO 2848 --- [order-service] [DiscoveryClient-InstanceInfoReplicator-%d] com.netflix.discovery.DiscoveryClient    : DiscoveryClient_ORDER-SERVICE/Saurav-PCs.mshome.net:order-service:8085 - registration status: 204
2025-11-10T18:08:50.742+05:30  INFO 2848 --- [order-service] [main] o.s.c.s.binder.DefaultBinderFactory      : Caching the binder: rabbit
2025-11-10T18:08:50.750+05:30  INFO 2848 --- [order-service] [main] c.s.b.r.p.RabbitExchangeQueueProvisioner : declaring queue for inbound: springCloudBus.anonymous.AyZhAw7cSbqXiBDwp7bAfQ, bound to: springCloudBus
2025-11-10T18:08:50.755+05:30  INFO 2848 --- [order-service] [main] o.s.a.r.c.CachingConnectionFactory       : Attempting to connect to: [localhost:5672]
2025-11-10T18:08:50.799+05:30  INFO 2848 --- [order-service] [main] o.s.a.r.c.CachingConnectionFactory       : Created new connection: rabbitConnectionFactory#4e38b4ea:0/SimpleConnection@1727aa28 [delegate=amqp://guest@127.0.0.1:5672/, localPort=55863]
2025-11-10T18:08:50.864+05:30  INFO 2848 --- [order-service] [main] o.s.c.stream.binder.BinderErrorChannel   : Channel 'rabbit-1575488835.springCloudBusInput.errors' has 1 subscriber(s).
2025-11-10T18:08:50.865+05:30  INFO 2848 --- [order-service] [main] o.s.c.stream.binder.BinderErrorChannel   : Channel 'rabbit-1575488835.springCloudBusInput.errors' has 2 subscriber(s).
2025-11-10T18:08:50.883+05:30  INFO 2848 --- [order-service] [main] o.s.i.a.i.AmqpInboundChannelAdapter      : started bean 'inbound.springCloudBus.anonymous.AyZhAw7cSbqXiBDwp7bAfQ'
2025-11-10T18:08:50.898+05:30  INFO 2848 --- [order-service] [main] o.s.b.w.embedded.tomcat.TomcatWebServer  : Tomcat started on port 8085 (http) with context path '/'
2025-11-10T18:08:50.899+05:30  INFO 2848 --- [order-service] [main] .s.c.n.e.s.EurekaAutoServiceRegistration : Updating port to 8085
2025-11-10T18:08:50.926+05:30  INFO 2848 --- [order-service] [main] figuration$IntegrationJmxConfiguration$1 : Registering MessageChannel rabbit-1575488835.springCloudBusInput.errors
2025-11-10T18:08:50.956+05:30  INFO 2848 --- [order-service] [main] com.ecommerce.order.OrderApplication     : Started OrderApplication in 7.642 seconds (process running for 8.547)
2025-11-10T18:08:51.297+05:30  INFO 2848 --- [order-service] [RMI TCP Connection(1)-192.168.31.8] o.a.c.c.C.[Tomcat].[localhost].[/]       : Initializing Spring DispatcherServlet 'dispatcherServlet'
2025-11-10T18:08:51.297+05:30  INFO 2848 --- [order-service] [RMI TCP Connection(1)-192.168.31.8] o.s.web.servlet.DispatcherServlet        : Initializing Servlet 'dispatcherServlet'
2025-11-10T18:08:51.300+05:30  INFO 2848 --- [order-service] [RMI TCP Connection(1)-192.168.31.8] o.s.web.servlet.DispatcherServlet        : Completed initialization in 2 ms
2025-11-10T18:09:20.675+05:30  INFO 2848 --- [order-service] [DiscoveryClient-CacheRefreshExecutor-%d] com.netflix.discovery.DiscoveryClient    : Disable delta property : false
2025-11-10T18:09:20.675+05:30  INFO 2848 --- [order-service] [DiscoveryClient-CacheRefreshExecutor-%d] com.netflix.discovery.DiscoveryClient    : Single vip registry refresh property : null
2025-11-10T18:09:20.675+05:30  INFO 2848 --- [order-service] [DiscoveryClient-CacheRefreshExecutor-%d] com.netflix.discovery.DiscoveryClient    : Force full registry fetch : false
2025-11-10T18:09:20.675+05:30  INFO 2848 --- [order-service] [DiscoveryClient-CacheRefreshExecutor-%d] com.netflix.discovery.DiscoveryClient    : Application is null : false
2025-11-10T18:09:20.675+05:30  INFO 2848 --- [order-service] [DiscoveryClient-CacheRefreshExecutor-%d] com.netflix.discovery.DiscoveryClient    : Registered Applications size is zero : true
2025-11-10T18:09:20.675+05:30  INFO 2848 --- [order-service] [DiscoveryClient-CacheRefreshExecutor-%d] com.netflix.discovery.DiscoveryClient    : Application version is -1: false
2025-11-10T18:09:20.675+05:30  INFO 2848 --- [order-service] [DiscoveryClient-CacheRefreshExecutor-%d] com.netflix.discovery.DiscoveryClient    : Getting all instance registry info from the eureka server
2025-11-10T18:09:20.700+05:30  INFO 2848 --- [order-service] [DiscoveryClient-CacheRefreshExecutor-%d] com.netflix.discovery.DiscoveryClient    : The response status is 200
2025-11-10T18:13:50.561+05:30  INFO 2848 --- [order-service] [AsyncResolver-bootstrap-executor-%d] c.n.d.s.r.aws.ConfigClusterResolver      : Resolving eureka endpoints via configuration
2025-11-10T18:18:50.565+05:30  INFO 2848 --- [order-service] [AsyncResolver-bootstrap-executor-%d] c.n.d.s.r.aws.ConfigClusterResolver      : Resolving eureka endpoints via configuration
2025-11-10T18:23:50.568+05:30  INFO 2848 --- [order-service] [AsyncResolver-bootstrap-executor-%d] c.n.d.s.r.aws.ConfigClusterResolver      : Resolving eureka endpoints via configuration
2025-11-10T18:28:50.571+05:30  INFO 2848 --- [order-service] [AsyncResolver-bootstrap-executor-%d] c.n.d.s.r.aws.ConfigClusterResolver      : Resolving eureka endpoints via configuration
2025-11-10T18:33:50.586+05:30  INFO 2848 --- [order-service] [AsyncResolver-bootstrap-executor-%d] c.n.d.s.r.aws.ConfigClusterResolver      : Resolving eureka endpoints via configuration
2025-11-10T18:38:50.596+05:30  INFO 2848 --- [order-service] [AsyncResolver-bootstrap-executor-%d] c.n.d.s.r.aws.ConfigClusterResolver      : Resolving eureka endpoints via configuration
2025-11-10T18:43:50.606+05:30  INFO 2848 --- [order-service] [AsyncResolver-bootstrap-executor-%d] c.n.d.s.r.aws.ConfigClusterResolver      : Resolving eureka endpoints via configuration
2025-11-10T18:48:50.615+05:30  INFO 2848 --- [order-service] [AsyncResolver-bootstrap-executor-%d] c.n.d.s.r.aws.ConfigClusterResolver      : Resolving eureka endpoints via configuration
2025-11-10T18:53:50.618+05:30  INFO 2848 --- [order-service] [AsyncResolver-bootstrap-executor-%d] c.n.d.s.r.aws.ConfigClusterResolver      : Resolving eureka endpoints via configuration
2025-11-10T19:06:23.380+05:30  WARN 2848 --- [order-service] [HikariPool-1:housekeeper] com.zaxxer.hikari.pool.HikariPool        : HikariPool-1 - Thread starvation or clock leap detected (housekeeper delta=8m34s597ms737µs400ns).
2025-11-10T19:06:57.285+05:30  INFO 2848 --- [order-service] [AsyncResolver-bootstrap-executor-%d] c.n.d.s.r.aws.ConfigClusterResolver      : Resolving eureka endpoints via configuration
2025-11-10T19:11:57.288+05:30  INFO 2848 --- [order-service] [AsyncResolver-bootstrap-executor-%d] c.n.d.s.r.aws.ConfigClusterResolver      : Resolving eureka endpoints via configuration
2025-11-10T19:16:57.297+05:30  INFO 2848 --- [order-service] [AsyncResolver-bootstrap-executor-%d] c.n.d.s.r.aws.ConfigClusterResolver      : Resolving eureka endpoints via configuration
2025-11-10T19:21:57.305+05:30  INFO 2848 --- [order-service] [AsyncResolver-bootstrap-executor-%d] c.n.d.s.r.aws.ConfigClusterResolver      : Resolving eureka endpoints via configuration
2025-11-10T19:26:57.342+05:30  INFO 2848 --- [order-service] [AsyncResolver-bootstrap-executor-%d] c.n.d.s.r.aws.ConfigClusterResolver      : Resolving eureka endpoints via configuration
2025-11-10T19:31:57.403+05:30  INFO 2848 --- [order-service] [AsyncResolver-bootstrap-executor-%d] c.n.d.s.r.aws.ConfigClusterResolver      : Resolving eureka endpoints via configuration
2025-11-10T19:36:57.472+05:30  INFO 2848 --- [order-service] [AsyncResolver-bootstrap-executor-%d] c.n.d.s.r.aws.ConfigClusterResolver      : Resolving eureka endpoints via configuration
2025-11-10T19:41:57.535+05:30  INFO 2848 --- [order-service] [AsyncResolver-bootstrap-executor-%d] c.n.d.s.r.aws.ConfigClusterResolver      : Resolving eureka endpoints via configuration
2025-11-10T19:46:57.584+05:30  INFO 2848 --- [order-service] [AsyncResolver-bootstrap-executor-%d] c.n.d.s.r.aws.ConfigClusterResolver      : Resolving eureka endpoints via configuration
2025-11-10T19:51:57.625+05:30  INFO 2848 --- [order-service] [AsyncResolver-bootstrap-executor-%d] c.n.d.s.r.aws.ConfigClusterResolver      : Resolving eureka endpoints via configuration
2025-11-10T19:56:57.665+05:30  INFO 2848 --- [order-service] [AsyncResolver-bootstrap-executor-%d] c.n.d.s.r.aws.ConfigClusterResolver      : Resolving eureka endpoints via configuration
2025-11-10T22:07:17.046+05:30  WARN 2848 --- [order-service] [HikariPool-1:housekeeper] com.zaxxer.hikari.pool.HikariPool        : HikariPool-1 - Thread starvation or clock leap detected (housekeeper delta=2h6m22s463ms455µs900ns).
2025-11-10T22:07:58.921+05:30  INFO 2848 --- [order-service] [AsyncResolver-bootstrap-executor-%d] c.n.d.s.r.aws.ConfigClusterResolver      : Resolving eureka endpoints via configuration
2025-11-10T22:12:58.927+05:30  INFO 2848 --- [order-service] [AsyncResolver-bootstrap-executor-%d] c.n.d.s.r.aws.ConfigClusterResolver      : Resolving eureka endpoints via configuration
2025-11-10T22:17:58.941+05:30  INFO 2848 --- [order-service] [AsyncResolver-bootstrap-executor-%d] c.n.d.s.r.aws.ConfigClusterResolver      : Resolving eureka endpoints via configuration
2025-11-10T22:22:58.956+05:30  INFO 2848 --- [order-service] [AsyncResolver-bootstrap-executor-%d] c.n.d.s.r.aws.ConfigClusterResolver      : Resolving eureka endpoints via configuration
2025-11-10T22:38:10.796+05:30  WARN 2848 --- [order-service] [HikariPool-1:housekeeper] com.zaxxer.hikari.pool.HikariPool        : HikariPool-1 - Thread starvation or clock leap detected (housekeeper delta=14m23s473ms297µs400ns).
