2025-11-11T20:13:46.297+05:30  INFO 5440 --- [product-service] [main] c.ecommerce.product.ProductApplication   : Starting ProductApplication using Java 21.0.6 with PID 5440 (C:\Users\csaur\Documents\Intellij IDEA_Workspace\SpringBoot_Project\Ecommerce_Microservices\product\target\classes started by Saurav in C:\Users\csaur\Documents\Intellij IDEA_Workspace\SpringBoot_Project\Ecommerce_Microservices)
2025-11-11T20:13:46.304+05:30  INFO 5440 --- [product-service] [main] c.ecommerce.product.ProductApplication   : No active profile set, falling back to 1 default profile: "default"
2025-11-11T20:13:46.356+05:30  INFO 5440 --- [product-service] [main] o.s.c.c.c.ConfigServerConfigDataLoader   : Fetching config from server at : http://localhost:8888
2025-11-11T20:13:46.356+05:30  INFO 5440 --- [product-service] [main] o.s.c.c.c.ConfigServerConfigDataLoader   : Located environment: name=product-service, profiles=[default], label=null, version=null, state=null
2025-11-11T20:13:48.311+05:30  INFO 5440 --- [product-service] [main] .s.d.r.c.RepositoryConfigurationDelegate : Bootstrapping Spring Data JPA repositories in DEFAULT mode.
2025-11-11T20:13:48.509+05:30  INFO 5440 --- [product-service] [main] .s.d.r.c.RepositoryConfigurationDelegate : Finished Spring Data repository scanning in 186 ms. Found 1 JPA repository interface.
2025-11-11T20:13:48.790+05:30  INFO 5440 --- [product-service] [main] faultConfiguringBeanFactoryPostProcessor : No bean named 'errorChannel' has been explicitly defined. Therefore, a default PublishSubscribeChannel will be created.
2025-11-11T20:13:48.798+05:30  INFO 5440 --- [product-service] [main] faultConfiguringBeanFactoryPostProcessor : No bean named 'integrationHeaderChannelRegistry' has been explicitly defined. Therefore, a default DefaultHeaderChannelRegistry will be created.
2025-11-11T20:13:48.899+05:30  INFO 5440 --- [product-service] [main] o.s.cloud.context.scope.GenericScope     : BeanFactory id=930f44ee-fb31-3ee2-a339-91a8a6ac86d5
2025-11-11T20:13:49.444+05:30  INFO 5440 --- [product-service] [main] o.s.b.w.embedded.tomcat.TomcatWebServer  : Tomcat initialized with port 8086 (http)
2025-11-11T20:13:49.455+05:30  INFO 5440 --- [product-service] [main] o.apache.catalina.core.StandardService   : Starting service [Tomcat]
2025-11-11T20:13:49.456+05:30  INFO 5440 --- [product-service] [main] o.apache.catalina.core.StandardEngine    : Starting Servlet engine: [Apache Tomcat/10.1.46]
2025-11-11T20:13:49.505+05:30  INFO 5440 --- [product-service] [main] o.a.c.c.C.[Tomcat].[localhost].[/]       : Initializing Spring embedded WebApplicationContext
2025-11-11T20:13:49.505+05:30  INFO 5440 --- [product-service] [main] w.s.c.ServletWebServerApplicationContext : Root WebApplicationContext: initialization completed in 3146 ms
2025-11-11T20:13:49.892+05:30  INFO 5440 --- [product-service] [main] o.hibernate.jpa.internal.util.LogHelper  : HHH000204: Processing PersistenceUnitInfo [name: default]
2025-11-11T20:13:49.956+05:30  INFO 5440 --- [product-service] [main] org.hibernate.Version                    : HHH000412: Hibernate ORM core version 6.6.29.Final
2025-11-11T20:13:50.000+05:30  INFO 5440 --- [product-service] [main] o.h.c.internal.RegionFactoryInitiator    : HHH000026: Second-level cache disabled
2025-11-11T20:13:50.264+05:30  INFO 5440 --- [product-service] [main] o.s.o.j.p.SpringPersistenceUnitInfo      : No LoadTimeWeaver setup: ignoring JPA class transformer
2025-11-11T20:13:50.299+05:30  INFO 5440 --- [product-service] [main] com.zaxxer.hikari.HikariDataSource       : HikariPool-1 - Starting...
2025-11-11T20:13:50.691+05:30  INFO 5440 --- [product-service] [main] com.zaxxer.hikari.pool.HikariPool        : HikariPool-1 - Added connection com.mysql.cj.jdbc.ConnectionImpl@6d77d269
2025-11-11T20:13:50.694+05:30  INFO 5440 --- [product-service] [main] com.zaxxer.hikari.HikariDataSource       : HikariPool-1 - Start completed.
2025-11-11T20:13:50.799+05:30  INFO 5440 --- [product-service] [main] org.hibernate.orm.connections.pooling    : HHH10001005: Database info:
	Database JDBC URL [Connecting through datasource 'HikariDataSource (HikariPool-1)']
	Database driver: undefined/unknown
	Database version: 8.0.40
	Autocommit mode: undefined/unknown
	Isolation level: undefined/unknown
	Minimum pool size: undefined/unknown
	Maximum pool size: undefined/unknown
2025-11-11T20:13:51.682+05:30  INFO 5440 --- [product-service] [main] o.h.e.t.j.p.i.JtaPlatformInitiator       : HHH000489: No JTA platform available (set 'hibernate.transaction.jta.platform' to enable JTA platform integration)
2025-11-11T20:13:51.751+05:30  INFO 5440 --- [product-service] [main] j.LocalContainerEntityManagerFactoryBean : Initialized JPA EntityManagerFactory for persistence unit 'default'
2025-11-11T20:13:52.030+05:30  INFO 5440 --- [product-service] [main] o.s.d.j.r.query.QueryEnhancerFactory     : Hibernate is in classpath; If applicable, HQL parser will be used.
2025-11-11T20:13:52.803+05:30  WARN 5440 --- [product-service] [main] JpaBaseConfiguration$JpaWebConfiguration : spring.jpa.open-in-view is enabled by default. Therefore, database queries may be performed during view rendering. Explicitly configure spring.jpa.open-in-view to disable this warning
2025-11-11T20:13:53.579+05:30  WARN 5440 --- [product-service] [main] c.f.c.c.BeanFactoryAwareFunctionRegistry : Failed to locate function 'busConsumer' for function definition 'busConsumer'. Returning null.
2025-11-11T20:13:53.636+05:30  INFO 5440 --- [product-service] [main] o.s.c.s.m.DirectWithAttributesChannel    : Channel 'product-service.springCloudBusInput' has 1 subscriber(s).
2025-11-11T20:13:53.906+05:30  INFO 5440 --- [product-service] [main] DiscoveryClientOptionalArgsConfiguration : Eureka HTTP Client uses RestTemplate.
2025-11-11T20:13:53.946+05:30  WARN 5440 --- [product-service] [main] iguration$LoadBalancerCaffeineWarnLogger : Spring Cloud LoadBalancer is currently working with the default cache. While this cache implementation is useful for development and tests, it's recommended to use Caffeine cache in production.You can switch to using Caffeine cache, by adding it and org.springframework.cache.caffeine.CaffeineCacheManager to the classpath.
2025-11-11T20:13:53.954+05:30  INFO 5440 --- [product-service] [main] o.s.b.a.e.web.EndpointLinksResolver      : Exposing 24 endpoints beneath base path '/actuator'
2025-11-11T20:13:54.098+05:30  INFO 5440 --- [product-service] [main] figuration$IntegrationJmxConfiguration$1 : Registering MessageChannel errorChannel
2025-11-11T20:13:54.103+05:30  INFO 5440 --- [product-service] [main] figuration$IntegrationJmxConfiguration$1 : Registering MessageChannel springCloudBusInput
2025-11-11T20:13:54.106+05:30  INFO 5440 --- [product-service] [main] figuration$IntegrationJmxConfiguration$1 : Registering MessageChannel nullChannel
2025-11-11T20:13:54.113+05:30  INFO 5440 --- [product-service] [main] figuration$IntegrationJmxConfiguration$1 : Registering MessageHandler _org.springframework.integration.errorLogger
2025-11-11T20:13:54.130+05:30  INFO 5440 --- [product-service] [main] o.s.i.endpoint.EventDrivenConsumer       : Adding {logging-channel-adapter:_org.springframework.integration.errorLogger} as a subscriber to the 'errorChannel' channel
2025-11-11T20:13:54.131+05:30  INFO 5440 --- [product-service] [main] o.s.i.channel.PublishSubscribeChannel    : Channel 'product-service.errorChannel' has 1 subscriber(s).
2025-11-11T20:13:54.131+05:30  INFO 5440 --- [product-service] [main] o.s.i.endpoint.EventDrivenConsumer       : started bean '_org.springframework.integration.errorLogger'
2025-11-11T20:13:54.193+05:30  INFO 5440 --- [product-service] [main] o.s.c.n.eureka.InstanceInfoFactory       : Setting initial instance status as: STARTING
2025-11-11T20:13:54.222+05:30  INFO 5440 --- [product-service] [main] com.netflix.discovery.DiscoveryClient    : Initializing Eureka in region us-east-1
2025-11-11T20:13:54.226+05:30  INFO 5440 --- [product-service] [main] c.n.d.s.r.aws.ConfigClusterResolver      : Resolving eureka endpoints via configuration
2025-11-11T20:13:54.233+05:30  INFO 5440 --- [product-service] [main] com.netflix.discovery.DiscoveryClient    : Disable delta property : false
2025-11-11T20:13:54.233+05:30  INFO 5440 --- [product-service] [main] com.netflix.discovery.DiscoveryClient    : Single vip registry refresh property : null
2025-11-11T20:13:54.234+05:30  INFO 5440 --- [product-service] [main] com.netflix.discovery.DiscoveryClient    : Force full registry fetch : false
2025-11-11T20:13:54.234+05:30  INFO 5440 --- [product-service] [main] com.netflix.discovery.DiscoveryClient    : Application is null : false
2025-11-11T20:13:54.234+05:30  INFO 5440 --- [product-service] [main] com.netflix.discovery.DiscoveryClient    : Registered Applications size is zero : true
2025-11-11T20:13:54.234+05:30  INFO 5440 --- [product-service] [main] com.netflix.discovery.DiscoveryClient    : Application version is -1: true
2025-11-11T20:13:54.234+05:30  INFO 5440 --- [product-service] [main] com.netflix.discovery.DiscoveryClient    : Getting all instance registry info from the eureka server
2025-11-11T20:13:54.414+05:30  INFO 5440 --- [product-service] [main] com.netflix.discovery.DiscoveryClient    : The response status is 200
2025-11-11T20:13:54.416+05:30  INFO 5440 --- [product-service] [main] com.netflix.discovery.DiscoveryClient    : Starting heartbeat executor: renew interval is: 30
2025-11-11T20:13:54.417+05:30  INFO 5440 --- [product-service] [main] c.n.discovery.InstanceInfoReplicator     : InstanceInfoReplicator onDemand update allowed rate per min is 4
2025-11-11T20:13:54.419+05:30  INFO 5440 --- [product-service] [main] com.netflix.discovery.DiscoveryClient    : Discovery Client initialized at timestamp 1762872234418 with initial instances count: 0
2025-11-11T20:13:54.421+05:30  INFO 5440 --- [product-service] [main] o.s.c.n.e.s.EurekaServiceRegistry        : Registering application PRODUCT-SERVICE with eureka with status UP
2025-11-11T20:13:54.423+05:30  INFO 5440 --- [product-service] [main] com.netflix.discovery.DiscoveryClient    : Saw local status change event StatusChangeEvent [timestamp=1762872234423, current=UP, previous=STARTING]
2025-11-11T20:13:54.425+05:30  INFO 5440 --- [product-service] [main] o.s.c.s.binder.DefaultBinderFactory      : Creating binder: rabbit
2025-11-11T20:13:54.425+05:30  INFO 5440 --- [product-service] [DiscoveryClient-InstanceInfoReplicator-%d] com.netflix.discovery.DiscoveryClient    : DiscoveryClient_PRODUCT-SERVICE/Saurav-PCs.mshome.net:product-service:8086: registering service...
2025-11-11T20:13:54.425+05:30  INFO 5440 --- [product-service] [main] o.s.c.s.binder.DefaultBinderFactory      : Constructing binder child context for rabbit
2025-11-11T20:13:54.465+05:30  INFO 5440 --- [product-service] [DiscoveryClient-InstanceInfoReplicator-%d] com.netflix.discovery.DiscoveryClient    : DiscoveryClient_PRODUCT-SERVICE/Saurav-PCs.mshome.net:product-service:8086 - registration status: 204
2025-11-11T20:13:54.497+05:30  INFO 5440 --- [product-service] [main] o.s.c.s.binder.DefaultBinderFactory      : Caching the binder: rabbit
2025-11-11T20:13:54.509+05:30  INFO 5440 --- [product-service] [main] c.s.b.r.p.RabbitExchangeQueueProvisioner : declaring queue for inbound: springCloudBus.anonymous.ljt-9fwbSa-RlNtBgkmUXQ, bound to: springCloudBus
2025-11-11T20:13:54.518+05:30  INFO 5440 --- [product-service] [main] o.s.a.r.c.CachingConnectionFactory       : Attempting to connect to: [localhost:5672]
2025-11-11T20:13:54.585+05:30  INFO 5440 --- [product-service] [main] o.s.a.r.c.CachingConnectionFactory       : Created new connection: rabbitConnectionFactory#70bfc7d5:0/SimpleConnection@2aec7d12 [delegate=amqp://guest@127.0.0.1:5672/, localPort=49264]
2025-11-11T20:13:54.636+05:30  INFO 5440 --- [product-service] [main] o.s.c.stream.binder.BinderErrorChannel   : Channel 'rabbit-2021901332.springCloudBusInput.errors' has 1 subscriber(s).
2025-11-11T20:13:54.637+05:30  INFO 5440 --- [product-service] [main] o.s.c.stream.binder.BinderErrorChannel   : Channel 'rabbit-2021901332.springCloudBusInput.errors' has 2 subscriber(s).
2025-11-11T20:13:54.661+05:30  INFO 5440 --- [product-service] [main] o.s.i.a.i.AmqpInboundChannelAdapter      : started bean 'inbound.springCloudBus.anonymous.ljt-9fwbSa-RlNtBgkmUXQ'
2025-11-11T20:13:54.690+05:30  INFO 5440 --- [product-service] [main] o.s.b.w.embedded.tomcat.TomcatWebServer  : Tomcat started on port 8086 (http) with context path '/'
2025-11-11T20:13:54.692+05:30  INFO 5440 --- [product-service] [main] .s.c.n.e.s.EurekaAutoServiceRegistration : Updating port to 8086
2025-11-11T20:13:54.728+05:30  INFO 5440 --- [product-service] [main] figuration$IntegrationJmxConfiguration$1 : Registering MessageChannel rabbit-2021901332.springCloudBusInput.errors
2025-11-11T20:13:54.761+05:30  INFO 5440 --- [product-service] [main] c.ecommerce.product.ProductApplication   : Started ProductApplication in 9.765 seconds (process running for 10.813)
2025-11-11T20:13:55.196+05:30  INFO 5440 --- [product-service] [RMI TCP Connection(3)-192.168.31.8] o.a.c.c.C.[Tomcat].[localhost].[/]       : Initializing Spring DispatcherServlet 'dispatcherServlet'
2025-11-11T20:13:55.197+05:30  INFO 5440 --- [product-service] [RMI TCP Connection(3)-192.168.31.8] o.s.web.servlet.DispatcherServlet        : Initializing Servlet 'dispatcherServlet'
2025-11-11T20:13:55.199+05:30  INFO 5440 --- [product-service] [RMI TCP Connection(3)-192.168.31.8] o.s.web.servlet.DispatcherServlet        : Completed initialization in 2 ms
2025-11-11T20:14:24.432+05:30  INFO 5440 --- [product-service] [DiscoveryClient-CacheRefreshExecutor-%d] com.netflix.discovery.DiscoveryClient    : Disable delta property : false
2025-11-11T20:14:24.432+05:30  INFO 5440 --- [product-service] [DiscoveryClient-CacheRefreshExecutor-%d] com.netflix.discovery.DiscoveryClient    : Single vip registry refresh property : null
2025-11-11T20:14:24.432+05:30  INFO 5440 --- [product-service] [DiscoveryClient-CacheRefreshExecutor-%d] com.netflix.discovery.DiscoveryClient    : Force full registry fetch : false
2025-11-11T20:14:24.433+05:30  INFO 5440 --- [product-service] [DiscoveryClient-CacheRefreshExecutor-%d] com.netflix.discovery.DiscoveryClient    : Application is null : false
2025-11-11T20:14:24.433+05:30  INFO 5440 --- [product-service] [DiscoveryClient-CacheRefreshExecutor-%d] com.netflix.discovery.DiscoveryClient    : Registered Applications size is zero : true
2025-11-11T20:14:24.433+05:30  INFO 5440 --- [product-service] [DiscoveryClient-CacheRefreshExecutor-%d] com.netflix.discovery.DiscoveryClient    : Application version is -1: false
2025-11-11T20:14:24.433+05:30  INFO 5440 --- [product-service] [DiscoveryClient-CacheRefreshExecutor-%d] com.netflix.discovery.DiscoveryClient    : Getting all instance registry info from the eureka server
2025-11-11T20:14:24.457+05:30  INFO 5440 --- [product-service] [DiscoveryClient-CacheRefreshExecutor-%d] com.netflix.discovery.DiscoveryClient    : The response status is 200
2025-11-11T20:18:54.247+05:30  INFO 5440 --- [product-service] [AsyncResolver-bootstrap-executor-%d] c.n.d.s.r.aws.ConfigClusterResolver      : Resolving eureka endpoints via configuration
2025-11-11T20:43:23.921+05:30  WARN 5440 --- [product-service] [HikariPool-1:housekeeper] com.zaxxer.hikari.pool.HikariPool        : HikariPool-1 - Thread starvation or clock leap detected (housekeeper delta=22m31s976ms419µs501ns).
2025-11-11T20:46:07.956+05:30  INFO 5440 --- [product-service] [AsyncResolver-bootstrap-executor-%d] c.n.d.s.r.aws.ConfigClusterResolver      : Resolving eureka endpoints via configuration
2025-11-11T21:02:08.798+05:30  WARN 5440 --- [product-service] [HikariPool-1:housekeeper] com.zaxxer.hikari.pool.HikariPool        : HikariPool-1 - Thread starvation or clock leap detected (housekeeper delta=15m44s837ms437µs900ns).
2025-11-11T21:06:26.038+05:30  INFO 5440 --- [product-service] [AsyncResolver-bootstrap-executor-%d] c.n.d.s.r.aws.ConfigClusterResolver      : Resolving eureka endpoints via configuration
2025-11-11T21:11:26.050+05:30  INFO 5440 --- [product-service] [AsyncResolver-bootstrap-executor-%d] c.n.d.s.r.aws.ConfigClusterResolver      : Resolving eureka endpoints via configuration
2025-11-11T21:16:26.055+05:30  INFO 5440 --- [product-service] [AsyncResolver-bootstrap-executor-%d] c.n.d.s.r.aws.ConfigClusterResolver      : Resolving eureka endpoints via configuration
2025-11-11T21:21:26.059+05:30  INFO 5440 --- [product-service] [AsyncResolver-bootstrap-executor-%d] c.n.d.s.r.aws.ConfigClusterResolver      : Resolving eureka endpoints via configuration
2025-11-11T21:26:26.070+05:30  INFO 5440 --- [product-service] [AsyncResolver-bootstrap-executor-%d] c.n.d.s.r.aws.ConfigClusterResolver      : Resolving eureka endpoints via configuration
2025-11-11T21:29:26.912+05:30  WARN 5440 --- [product-service] [HikariPool-1:housekeeper] com.zaxxer.hikari.pool.HikariPool        : HikariPool-1 - Thread starvation or clock leap detected (housekeeper delta=3m17s697ms357µs201ns).
2025-11-11T21:42:36.715+05:30  WARN 5440 --- [product-service] [HikariPool-1:housekeeper] com.zaxxer.hikari.pool.HikariPool        : HikariPool-1 - Thread starvation or clock leap detected (housekeeper delta=10m9s762ms783µs900ns).
2025-11-11T21:44:08.502+05:30  INFO 5440 --- [product-service] [AsyncResolver-bootstrap-executor-%d] c.n.d.s.r.aws.ConfigClusterResolver      : Resolving eureka endpoints via configuration
2025-11-11T22:27:09.953+05:30  WARN 5440 --- [product-service] [HikariPool-1:housekeeper] com.zaxxer.hikari.pool.HikariPool        : HikariPool-1 - Thread starvation or clock leap detected (housekeeper delta=41m33s198ms239µs300ns).
